<?xml version="1.0" encoding="UTF-8"?>
<!-- Generated by org.testng.reporters.JUnitXMLReporter -->
<testsuite ignored="0" hostname="MSI" failures="0" tests="8" name="Test" time="85.521" errors="0" timestamp="2025-05-25T11:47:54 IST">
  <testcase classname="testCases.TC001_AccountResistrationTest" name="verify_account_resistration" time="11.171"/>
  <testcase classname="testCases.TC002_AccountLoginTest" name="verify_account_login" time="3.159"/>
  <testcase classname="testCases.TC003_LoginDDT" name="verify_LoginDDT" time="3.018"/>
  <testcase classname="testCases.TC003_LoginDDT" name="verify_LoginDDT" time="7.308"/>
  <testcase classname="testCases.TC003_LoginDDT" name="verify_LoginDDT" time="7.362"/>
  <testcase classname="testCases.TC003_LoginDDT" name="verify_LoginDDT" time="7.117"/>
  <testcase classname="testCases.TC004_AddtoCart" name="verify_Add_to_Cart" time="1.803"/>
  <testcase classname="testCases.TC005_CompareProduct" name="verify_Compair_Product" time="3.252"/>
</testsuite> <!-- Test -->
