<?xml version="1.0" encoding="UTF-8"?>
<!-- Generated by org.testng.reporters.JUnitXMLReporter -->
<testsuite ignored="0" hostname="MSI" failures="0" tests="2" name="Linux-FireFoxTest" time="0.058" errors="0" timestamp="2025-05-20T14:11:43 IST">
  <testcase classname="testCases.TC001_AccountResistrationTest" name="verify_account_resistration" time="0.0">
    <skipped/>
  </testcase> <!-- verify_account_resistration -->
  <testcase classname="testCases.TC002_AccountLoginTest" name="verify_account_login" time="0.0">
    <skipped/>
  </testcase> <!-- verify_account_login -->
</testsuite> <!-- Linux-FireFoxTest -->
