<?xml version="1.0" encoding="UTF-8"?>
<testng-results ignored="0" total="8" passed="8" failed="0" skipped="0">
  <reporter-output>
  </reporter-output>
  <suite started-at="2025-05-25T11:46:26 IST" name="Master Suite" finished-at="2025-05-25T11:47:52 IST" duration-ms="85521">
    <groups>
      <group name="Master">
        <method signature="TC001_AccountResistrationTest.verify_account_resistration()[pri:0, instance:testCases.TC001_AccountResistrationTest@130e116b]" name="verify_account_resistration" class="testCases.TC001_AccountResistrationTest"/>
        <method signature="TC002_AccountLoginTest.verify_account_login()[pri:0, instance:testCases.TC002_AccountLoginTest@a4add54]" name="verify_account_login" class="testCases.TC002_AccountLoginTest"/>
        <method signature="TC003_LoginDDT.verify_LoginDDT(java.lang.String,java.lang.String,java.lang.String)[pri:0, instance:testCases.TC003_LoginDDT@141e5bef]" name="verify_LoginDDT" class="testCases.TC003_LoginDDT"/>
      </group> <!-- Master -->
      <group name="Sanity">
        <method signature="TC002_AccountLoginTest.verify_account_login()[pri:0, instance:testCases.TC002_AccountLoginTest@a4add54]" name="verify_account_login" class="testCases.TC002_AccountLoginTest"/>
      </group> <!-- Sanity -->
      <group name="Regression">
        <method signature="TC001_AccountResistrationTest.verify_account_resistration()[pri:0, instance:testCases.TC001_AccountResistrationTest@130e116b]" name="verify_account_resistration" class="testCases.TC001_AccountResistrationTest"/>
        <method signature="TC004_AddtoCart.verify_Add_to_Cart()[pri:0, instance:testCases.TC004_AddtoCart@5f9be66c]" name="verify_Add_to_Cart" class="testCases.TC004_AddtoCart"/>
        <method signature="TC005_CompareProduct.verify_Compair_Product()[pri:0, instance:testCases.TC005_CompareProduct@3abada5a]" name="verify_Compair_Product" class="testCases.TC005_CompareProduct"/>
      </group> <!-- Regression -->
      <group name="DadaDriven">
        <method signature="TC003_LoginDDT.verify_LoginDDT(java.lang.String,java.lang.String,java.lang.String)[pri:0, instance:testCases.TC003_LoginDDT@141e5bef]" name="verify_LoginDDT" class="testCases.TC003_LoginDDT"/>
      </group> <!-- DadaDriven -->
      <group name="master">
        <method signature="TC004_AddtoCart.verify_Add_to_Cart()[pri:0, instance:testCases.TC004_AddtoCart@5f9be66c]" name="verify_Add_to_Cart" class="testCases.TC004_AddtoCart"/>
        <method signature="TC005_CompareProduct.verify_Compair_Product()[pri:0, instance:testCases.TC005_CompareProduct@3abada5a]" name="verify_Compair_Product" class="testCases.TC005_CompareProduct"/>
      </group> <!-- master -->
    </groups>
    <test started-at="2025-05-25T11:46:26 IST" name="Test" finished-at="2025-05-25T11:47:52 IST" duration-ms="85521">
      <class name="testCases.TC005_CompareProduct">
        <test-method is-config="true" signature="setup(java.lang.String,java.lang.String)[pri:0, instance:testCases.TC005_CompareProduct@3abada5a]" started-at="2025-05-25T11:47:25 IST" name="setup" finished-at="2025-05-25T11:47:48 IST" duration-ms="22907" status="PASS">
          <params>
            <param index="0">
              <value>
                <![CDATA[windows]]>
              </value>
            </param>
            <param index="1">
              <value>
                <![CDATA[chrome]]>
              </value>
            </param>
          </params>
          <reporter-output>
          </reporter-output>
        </test-method> <!-- setup -->
        <test-method signature="verify_Compair_Product()[pri:0, instance:testCases.TC005_CompareProduct@3abada5a]" started-at="2025-05-25T11:47:48 IST" name="verify_Compair_Product" finished-at="2025-05-25T11:47:51 IST" duration-ms="3252" status="PASS">
          <reporter-output>
          </reporter-output>
        </test-method> <!-- verify_Compair_Product -->
        <test-method is-config="true" signature="tearDown()[pri:0, instance:testCases.TC005_CompareProduct@3abada5a]" started-at="2025-05-25T11:47:51 IST" name="tearDown" finished-at="2025-05-25T11:47:52 IST" duration-ms="268" status="PASS">
          <reporter-output>
          </reporter-output>
        </test-method> <!-- tearDown -->
      </class> <!-- testCases.TC005_CompareProduct -->
      <class name="testCases.TC003_LoginDDT">
        <test-method is-config="true" signature="setup(java.lang.String,java.lang.String)[pri:0, instance:testCases.TC003_LoginDDT@141e5bef]" started-at="2025-05-25T11:46:50 IST" name="setup" finished-at="2025-05-25T11:46:53 IST" duration-ms="3055" status="PASS">
          <params>
            <param index="0">
              <value>
                <![CDATA[windows]]>
              </value>
            </param>
            <param index="1">
              <value>
                <![CDATA[chrome]]>
              </value>
            </param>
          </params>
          <reporter-output>
          </reporter-output>
        </test-method> <!-- setup -->
        <test-method signature="verify_LoginDDT(java.lang.String,java.lang.String,java.lang.String)[pri:0, instance:testCases.TC003_LoginDDT@141e5bef]" started-at="2025-05-25T11:46:54 IST" name="verify_LoginDDT" data-provider="LoginData" finished-at="2025-05-25T11:46:57 IST" duration-ms="3018" status="PASS">
          <params>
            <param index="0">
              <value>
                <![CDATA[ravishastri36@gmail.com]]>
              </value>
            </param>
            <param index="1">
              <value>
                <![CDATA[Ravi@123]]>
              </value>
            </param>
            <param index="2">
              <value>
                <![CDATA[Valid]]>
              </value>
            </param>
          </params>
          <reporter-output>
          </reporter-output>
        </test-method> <!-- verify_LoginDDT -->
        <test-method signature="verify_LoginDDT(java.lang.String,java.lang.String,java.lang.String)[pri:0, instance:testCases.TC003_LoginDDT@141e5bef]" started-at="2025-05-25T11:46:57 IST" name="verify_LoginDDT" data-provider="LoginData" finished-at="2025-05-25T11:47:05 IST" duration-ms="7308" status="PASS">
          <params>
            <param index="0">
              <value>
                <![CDATA[ravishastri36@gmail.com]]>
              </value>
            </param>
            <param index="1">
              <value>
                <![CDATA[Ravi@1234]]>
              </value>
            </param>
            <param index="2">
              <value>
                <![CDATA[Invalid]]>
              </value>
            </param>
          </params>
          <reporter-output>
          </reporter-output>
        </test-method> <!-- verify_LoginDDT -->
        <test-method signature="verify_LoginDDT(java.lang.String,java.lang.String,java.lang.String)[pri:0, instance:testCases.TC003_LoginDDT@141e5bef]" started-at="2025-05-25T11:47:05 IST" name="verify_LoginDDT" data-provider="LoginData" finished-at="2025-05-25T11:47:12 IST" duration-ms="7362" status="PASS">
          <params>
            <param index="0">
              <value>
                <![CDATA[ravishastri360@gmail.com]]>
              </value>
            </param>
            <param index="1">
              <value>
                <![CDATA[Ravi@123]]>
              </value>
            </param>
            <param index="2">
              <value>
                <![CDATA[Invalid]]>
              </value>
            </param>
          </params>
          <reporter-output>
          </reporter-output>
        </test-method> <!-- verify_LoginDDT -->
        <test-method signature="verify_LoginDDT(java.lang.String,java.lang.String,java.lang.String)[pri:0, instance:testCases.TC003_LoginDDT@141e5bef]" started-at="2025-05-25T11:47:12 IST" name="verify_LoginDDT" data-provider="LoginData" finished-at="2025-05-25T11:47:19 IST" duration-ms="7117" status="PASS">
          <params>
            <param index="0">
              <value>
                <![CDATA[ravishastri360@gmail.com]]>
              </value>
            </param>
            <param index="1">
              <value>
                <![CDATA[Ravi@1234]]>
              </value>
            </param>
            <param index="2">
              <value>
                <![CDATA[Invalid]]>
              </value>
            </param>
          </params>
          <reporter-output>
          </reporter-output>
        </test-method> <!-- verify_LoginDDT -->
        <test-method is-config="true" signature="tearDown()[pri:0, instance:testCases.TC003_LoginDDT@141e5bef]" started-at="2025-05-25T11:47:19 IST" name="tearDown" finished-at="2025-05-25T11:47:20 IST" duration-ms="348" status="PASS">
          <reporter-output>
          </reporter-output>
        </test-method> <!-- tearDown -->
      </class> <!-- testCases.TC003_LoginDDT -->
      <class name="testCases.TC001_AccountResistrationTest">
        <test-method is-config="true" signature="setup(java.lang.String,java.lang.String)[pri:0, instance:testCases.TC001_AccountResistrationTest@130e116b]" started-at="2025-05-25T11:46:26 IST" name="setup" finished-at="2025-05-25T11:46:32 IST" duration-ms="5600" status="PASS">
          <params>
            <param index="0">
              <value>
                <![CDATA[windows]]>
              </value>
            </param>
            <param index="1">
              <value>
                <![CDATA[chrome]]>
              </value>
            </param>
          </params>
          <reporter-output>
          </reporter-output>
        </test-method> <!-- setup -->
        <test-method signature="verify_account_resistration()[pri:0, instance:testCases.TC001_AccountResistrationTest@130e116b]" started-at="2025-05-25T11:46:32 IST" name="verify_account_resistration" finished-at="2025-05-25T11:46:43 IST" duration-ms="11171" status="PASS">
          <reporter-output>
          </reporter-output>
        </test-method> <!-- verify_account_resistration -->
        <test-method is-config="true" signature="tearDown()[pri:0, instance:testCases.TC001_AccountResistrationTest@130e116b]" started-at="2025-05-25T11:46:43 IST" name="tearDown" finished-at="2025-05-25T11:46:44 IST" duration-ms="359" status="PASS">
          <reporter-output>
          </reporter-output>
        </test-method> <!-- tearDown -->
      </class> <!-- testCases.TC001_AccountResistrationTest -->
      <class name="testCases.TC004_AddtoCart">
        <test-method is-config="true" signature="setup(java.lang.String,java.lang.String)[pri:0, instance:testCases.TC004_AddtoCart@5f9be66c]" started-at="2025-05-25T11:47:20 IST" name="setup" finished-at="2025-05-25T11:47:23 IST" duration-ms="3485" status="PASS">
          <params>
            <param index="0">
              <value>
                <![CDATA[windows]]>
              </value>
            </param>
            <param index="1">
              <value>
                <![CDATA[chrome]]>
              </value>
            </param>
          </params>
          <reporter-output>
          </reporter-output>
        </test-method> <!-- setup -->
        <test-method signature="verify_Add_to_Cart()[pri:0, instance:testCases.TC004_AddtoCart@5f9be66c]" started-at="2025-05-25T11:47:23 IST" name="verify_Add_to_Cart" finished-at="2025-05-25T11:47:25 IST" duration-ms="1803" status="PASS">
          <reporter-output>
          </reporter-output>
        </test-method> <!-- verify_Add_to_Cart -->
        <test-method is-config="true" signature="tearDown()[pri:0, instance:testCases.TC004_AddtoCart@5f9be66c]" started-at="2025-05-25T11:47:25 IST" name="tearDown" finished-at="2025-05-25T11:47:25 IST" duration-ms="260" status="PASS">
          <reporter-output>
          </reporter-output>
        </test-method> <!-- tearDown -->
      </class> <!-- testCases.TC004_AddtoCart -->
      <class name="testCases.TC002_AccountLoginTest">
        <test-method is-config="true" signature="setup(java.lang.String,java.lang.String)[pri:0, instance:testCases.TC002_AccountLoginTest@a4add54]" started-at="2025-05-25T11:46:44 IST" name="setup" finished-at="2025-05-25T11:46:46 IST" duration-ms="2883" status="PASS">
          <params>
            <param index="0">
              <value>
                <![CDATA[windows]]>
              </value>
            </param>
            <param index="1">
              <value>
                <![CDATA[chrome]]>
              </value>
            </param>
          </params>
          <reporter-output>
          </reporter-output>
        </test-method> <!-- setup -->
        <test-method signature="verify_account_login()[pri:0, instance:testCases.TC002_AccountLoginTest@a4add54]" started-at="2025-05-25T11:46:46 IST" name="verify_account_login" finished-at="2025-05-25T11:46:50 IST" duration-ms="3159" status="PASS">
          <reporter-output>
          </reporter-output>
        </test-method> <!-- verify_account_login -->
        <test-method is-config="true" signature="tearDown()[pri:0, instance:testCases.TC002_AccountLoginTest@a4add54]" started-at="2025-05-25T11:46:50 IST" name="tearDown" finished-at="2025-05-25T11:46:50 IST" duration-ms="350" status="PASS">
          <reporter-output>
          </reporter-output>
        </test-method> <!-- tearDown -->
      </class> <!-- testCases.TC002_AccountLoginTest -->
    </test> <!-- Test -->
  </suite> <!-- Master Suite -->
</testng-results>
